============================================================
   Tang Dynasty, V5.0.19080
   Copyright:   Shanghai Anlogic Infotech Co., Ltd.
                2011 - 2021
   Executable = E:/Program Files/Circuit/Digital Circuit/Anlogic/TD5.0.19080/bin/td.exe
   Built at =   13:24:12 May  5 2020
   Run by =     admin
   Run Date =   Fri Aug  7 12:27:03 2020

   Run on =     DESKTOP-9BM44F6
============================================================
RUN-1002 : start command "import_device eagle_s20.db -package BG256"
ARC-1001 : Device Initialization.
ARC-1001 : ------------------------------------------------------------------
ARC-1001 :            OPTION            |          IO          |   SETTING   
ARC-1001 : ------------------------------------------------------------------
ARC-1001 :   cso_b/cclk/mosi/miso/dout  |  T3/R11/T10/P10/S11  |    gpio    
ARC-1001 :             done             |         P13          |    gpio    
ARC-1001 :           program_b          |          T2          |  dedicate  
ARC-1001 :        tdi/tms/tck/tdo       |   C12/A15/C14/E14    |  dedicate  
ARC-1001 : ------------------------------------------------------------------
ARC-1004 : Device setting, marked 5 dedicate IOs in total.
RUN-1002 : start command "import_db Gear_pr.db"
RUN-1001 : Importing database generated by Tang Dynasty, V5.0.19080.
RUN-1001 : Database version number 46126.
RUN-1001 : Import IO constraints
RUN-1001 : Import Inst constraints
RUN-1001 : Import flow parameters
RUN-1002 : start command "download -bit Gear.bit -mode jtag -spd 6 -sec 64 -cable 0"
PRG-2014 : Chip validation success: EAGLE_S20_BG256
RUN-1002 : start command "bit_to_vec -chip EAGLE_S20_BG256 -m jtag -bit Gear.bit"
PRG-3000 : BIT2VEC::JtagBitstream: completed! line_num = 1335, frame_num = 1259
RUN-1003 : finish command "bit_to_vec -chip EAGLE_S20_BG256 -m jtag -bit Gear.bit" in  1.820905s wall, 1.781250s user + 0.015625s system = 1.796875s CPU (98.7%)

RUN-1004 : used memory is 328 MB, reserved memory is 317 MB, peak memory is 330 MB
RUN-1002 : start command "program -cable 0 -spd 6 -p"
RUN-1003 : finish command "program -cable 0 -spd 6 -p" in  7.540061s wall, 0.531250s user + 0.437500s system = 0.968750s CPU (12.8%)

RUN-1004 : used memory is 353 MB, reserved memory is 343 MB, peak memory is 354 MB
RUN-1003 : finish command "download -bit Gear.bit -mode jtag -spd 6 -sec 64 -cable 0" in  10.078694s wall, 2.546875s user + 0.500000s system = 3.046875s CPU (30.2%)

RUN-1004 : used memory is 210 MB, reserved memory is 196 MB, peak memory is 354 MB
GUI-1001 : Download success!
RUN-1002 : start command "download -bit Gear.bit -mode jtag -spd 6 -sec 64 -cable 0"
PRG-2014 : Chip validation success: EAGLE_S20_BG256
RUN-1002 : start command "bit_to_vec -chip EAGLE_S20_BG256 -m jtag -bit Gear.bit"
PRG-3000 : BIT2VEC::JtagBitstream: completed! line_num = 1335, frame_num = 1259
RUN-1003 : finish command "bit_to_vec -chip EAGLE_S20_BG256 -m jtag -bit Gear.bit" in  1.810587s wall, 1.796875s user + 0.015625s system = 1.812500s CPU (100.1%)

RUN-1004 : used memory is 323 MB, reserved memory is 317 MB, peak memory is 354 MB
RUN-1002 : start command "program -cable 0 -spd 6 -p"
RUN-1003 : finish command "program -cable 0 -spd 6 -p" in  7.723249s wall, 0.687500s user + 0.468750s system = 1.156250s CPU (15.0%)

RUN-1004 : used memory is 349 MB, reserved memory is 344 MB, peak memory is 354 MB
RUN-1003 : finish command "download -bit Gear.bit -mode jtag -spd 6 -sec 64 -cable 0" in  10.263325s wall, 2.765625s user + 0.531250s system = 3.296875s CPU (32.1%)

RUN-1004 : used memory is 208 MB, reserved memory is 201 MB, peak memory is 354 MB
GUI-1001 : Download success!
